# JRE version: Java(TM) SE Runtime Environment (8.0_151-b12) (build 1.8.0_151-b12)
# Java VM: Java HotSpot(TM) 64-Bit Server VM (25.151-b12 mixed mode windows-amd64 compressed oops)
Heap:
 PSYoungGen      total 250880K, used 31532K [0x00000000d5d00000, 0x00000000e6700000, 0x0000000100000000)
  eden space 243200K, 9% used [0x00000000d5d00000,0x00000000d74a3a68,0x00000000e4a80000)
  from space 7680K, 95% used [0x00000000e5f80000,0x00000000e66a77f8,0x00000000e6700000)
  to   space 12288K, 0% used [0x00000000e4f00000,0x00000000e4f00000,0x00000000e5b00000)
 ParOldGen       total 78848K, used 17894K [0x0000000081600000, 0x0000000086300000, 0x00000000d5d00000)
  object space 78848K, 22% used [0x0000000081600000,0x0000000082779918,0x0000000086300000)
 Metaspace       used 38153K, capacity 39824K, committed 39896K, reserved 1083392K
  class space    used 4966K, capacity 5284K, committed 5336K, reserved 1048576K
GC Heap History (10 events):
Event: 17.508 GC heap before
{Heap before GC invocations=8 (full 1):
 PSYoungGen      total 114176K, used 113961K [0x00000000d5d00000, 0x00000000dee00000, 0x0000000100000000)
  eden space 109056K, 100% used [0x00000000d5d00000,0x00000000dc780000,0x00000000dc780000)
  from space 5120K, 95% used [0x00000000de900000,0x00000000dedca558,0x00000000dee00000)
  to   space 9728K, 0% used [0x00000000ddb00000,0x00000000ddb00000,0x00000000de480000)
 ParOldGen       total 58880K, used 8944K [0x0000000081600000, 0x0000000084f80000, 0x00000000d5d00000)
  object space 58880K, 15% used [0x0000000081600000,0x0000000081ebc2a0,0x0000000084f80000)
 Metaspace       used 28715K, capacity 29718K, committed 29824K, reserved 1075200K
  class space    used 3701K, capacity 3913K, committed 3968K, reserved 1048576K
Event: 17.522 GC heap after
Heap after GC invocations=8 (full 1):
 PSYoungGen      total 138752K, used 8778K [0x00000000d5d00000, 0x00000000e1b80000, 0x0000000100000000)
  eden space 129024K, 0% used [0x00000000d5d00000,0x00000000d5d00000,0x00000000ddb00000)
  from space 9728K, 90% used [0x00000000ddb00000,0x00000000de3928f8,0x00000000de480000)
  to   space 10752K, 0% used [0x00000000e1100000,0x00000000e1100000,0x00000000e1b80000)
 ParOldGen       total 58880K, used 8952K [0x0000000081600000, 0x0000000084f80000, 0x00000000d5d00000)
  object space 58880K, 15% used [0x0000000081600000,0x0000000081ebe2a0,0x0000000084f80000)
 Metaspace       used 28715K, capacity 29718K, committed 29824K, reserved 1075200K
  class space    used 3701K, capacity 3913K, committed 3968K, reserved 1048576K
}
Event: 23.908 GC heap before
{Heap before GC invocations=9 (full 1):
 PSYoungGen      total 138752K, used 137802K [0x00000000d5d00000, 0x00000000e1b80000, 0x0000000100000000)
  eden space 129024K, 100% used [0x00000000d5d00000,0x00000000ddb00000,0x00000000ddb00000)
  from space 9728K, 90% used [0x00000000ddb00000,0x00000000de3928f8,0x00000000de480000)
  to   space 10752K, 0% used [0x00000000e1100000,0x00000000e1100000,0x00000000e1b80000)
 ParOldGen       total 58880K, used 8952K [0x0000000081600000, 0x0000000084f80000, 0x00000000d5d00000)
  object space 58880K, 15% used [0x0000000081600000,0x0000000081ebe2a0,0x0000000084f80000)
 Metaspace       used 33311K, capacity 34650K, committed 34816K, reserved 1079296K
  class space    used 4308K, capacity 4561K, committed 4608K, reserved 1048576K
Event: 23.928 GC heap after
Heap after GC invocations=9 (full 1):
 PSYoungGen      total 182272K, used 10721K [0x00000000d5d00000, 0x00000000e3800000, 0x0000000100000000)
  eden space 171520K, 0% used [0x00000000d5d00000,0x00000000d5d00000,0x00000000e0480000)
  from space 10752K, 99% used [0x00000000e1100000,0x00000000e1b78768,0x00000000e1b80000)
  to   space 12800K, 0% used [0x00000000e0480000,0x00000000e0480000,0x00000000e1100000)
 ParOldGen       total 58880K, used 10168K [0x0000000081600000, 0x0000000084f80000, 0x00000000d5d00000)
  object space 58880K, 17% used [0x0000000081600000,0x0000000081fee2e0,0x0000000084f80000)
 Metaspace       used 33311K, capacity 34650K, committed 34816K, reserved 1079296K
  class space    used 4308K, capacity 4561K, committed 4608K, reserved 1048576K
}
Event: 24.101 GC heap before
{Heap before GC invocations=10 (full 1):
 PSYoungGen      total 182272K, used 21535K [0x00000000d5d00000, 0x00000000e3800000, 0x0000000100000000)
  eden space 171520K, 6% used [0x00000000d5d00000,0x00000000d678f560,0x00000000e0480000)
  from space 10752K, 99% used [0x00000000e1100000,0x00000000e1b78768,0x00000000e1b80000)
  to   space 12800K, 0% used [0x00000000e0480000,0x00000000e0480000,0x00000000e1100000)
 ParOldGen       total 58880K, used 10168K [0x0000000081600000, 0x0000000084f80000, 0x00000000d5d00000)
  object space 58880K, 17% used [0x0000000081600000,0x0000000081fee2e0,0x0000000084f80000)
 Metaspace       used 33992K, capacity 35296K, committed 35416K, reserved 1079296K
  class space    used 4379K, capacity 4626K, committed 4696K, reserved 1048576K
Event: 24.117 GC heap after
Heap after GC invocations=10 (full 1):
 PSYoungGen      total 184320K, used 8749K [0x00000000d5d00000, 0x00000000e6c00000, 0x0000000100000000)
  eden space 171520K, 0% used [0x00000000d5d00000,0x00000000d5d00000,0x00000000e0480000)
  from space 12800K, 68% used [0x00000000e0480000,0x00000000e0d0b7a0,0x00000000e1100000)
  to   space 12800K, 0% used [0x00000000e5f80000,0x00000000e5f80000,0x00000000e6c00000)
 ParOldGen       total 58880K, used 11305K [0x0000000081600000, 0x0000000084f80000, 0x00000000d5d00000)
  object space 58880K, 19% used [0x0000000081600000,0x000000008210a650,0x0000000084f80000)
 Metaspace       used 33992K, capacity 35296K, committed 35416K, reserved 1079296K
  class space    used 4379K, capacity 4626K, committed 4696K, reserved 1048576K
}
Event: 24.117 GC heap before
{Heap before GC invocations=11 (full 2):
 PSYoungGen      total 184320K, used 8749K [0x00000000d5d00000, 0x00000000e6c00000, 0x0000000100000000)
  eden space 171520K, 0% used [0x00000000d5d00000,0x00000000d5d00000,0x00000000e0480000)
  from space 12800K, 68% used [0x00000000e0480000,0x00000000e0d0b7a0,0x00000000e1100000)
  to   space 12800K, 0% used [0x00000000e5f80000,0x00000000e5f80000,0x00000000e6c00000)
 ParOldGen       total 58880K, used 11305K [0x0000000081600000, 0x0000000084f80000, 0x00000000d5d00000)
  object space 58880K, 19% used [0x0000000081600000,0x000000008210a650,0x0000000084f80000)
 Metaspace       used 33992K, capacity 35296K, committed 35416K, reserved 1079296K
  class space    used 4379K, capacity 4626K, committed 4696K, reserved 1048576K
Event: 24.285 GC heap after
Heap after GC invocations=11 (full 2):
 PSYoungGen      total 184320K, used 0K [0x00000000d5d00000, 0x00000000e6c00000, 0x0000000100000000)
  eden space 171520K, 0% used [0x00000000d5d00000,0x00000000d5d00000,0x00000000e0480000)
  from space 12800K, 0% used [0x00000000e0480000,0x00000000e0480000,0x00000000e1100000)
  to   space 12800K, 0% used [0x00000000e5f80000,0x00000000e5f80000,0x00000000e6c00000)
 ParOldGen       total 78848K, used 17886K [0x0000000081600000, 0x0000000086300000, 0x00000000d5d00000)
  object space 78848K, 22% used [0x0000000081600000,0x0000000082777918,0x0000000086300000)
 Metaspace       used 33992K, capacity 35296K, committed 35416K, reserved 1079296K
  class space    used 4379K, capacity 4626K, committed 4696K, reserved 1048576K
}
Event: 28.897 GC heap before
{Heap before GC invocations=12 (full 2):
 PSYoungGen      total 184320K, used 171520K [0x00000000d5d00000, 0x00000000e6c00000, 0x0000000100000000)
  eden space 171520K, 100% used [0x00000000d5d00000,0x00000000e0480000,0x00000000e0480000)
  from space 12800K, 0% used [0x00000000e0480000,0x00000000e0480000,0x00000000e1100000)
  to   space 12800K, 0% used [0x00000000e5f80000,0x00000000e5f80000,0x00000000e6c00000)
 ParOldGen       total 78848K, used 17886K [0x0000000081600000, 0x0000000086300000, 0x00000000d5d00000)
  object space 78848K, 22% used [0x0000000081600000,0x0000000082777918,0x0000000086300000)
 Metaspace       used 37482K, capacity 39134K, committed 39256K, reserved 1083392K
  class space    used 4866K, capacity 5193K, committed 5208K, reserved 1048576K
Event: 28.913 GC heap after
Heap after GC invocations=12 (full 2):
 PSYoungGen      total 250880K, used 7325K [0x00000000d5d00000, 0x00000000e6700000, 0x0000000100000000)
  eden space 243200K, 0% used [0x00000000d5d00000,0x00000000d5d00000,0x00000000e4a80000)
  from space 7680K, 95% used [0x00000000e5f80000,0x00000000e66a77f8,0x00000000e6700000)
  to   space 12288K, 0% used [0x00000000e4f00000,0x00000000e4f00000,0x00000000e5b00000)
 ParOldGen       total 78848K, used 17894K [0x0000000081600000, 0x0000000086300000, 0x00000000d5d00000)
  object space 78848K, 22% used [0x0000000081600000,0x0000000082779918,0x0000000086300000)
 Metaspace       used 37482K, capacity 39134K, committed 39256K, reserved 1083392K
  class space    used 4866K, capacity 5193K, committed 5208K, reserved 1048576K
}

