# JRE version: Java(TM) SE Runtime Environment (8.0_151-b12) (build 1.8.0_151-b12)
# Java VM: Java HotSpot(TM) 64-Bit Server VM (25.151-b12 mixed mode windows-amd64 compressed oops)
Heap:
 PSYoungGen      total 306688K, used 135573K [0x00000000d5d00000, 0x00000000f1400000, 0x0000000100000000)
  eden space 286720K, 47% used [0x00000000d5d00000,0x00000000de1656c8,0x00000000e7500000)
  from space 19968K, 0% used [0x00000000e7500000,0x00000000e7500000,0x00000000e8880000)
  to   space 19456K, 0% used [0x00000000f0100000,0x00000000f0100000,0x00000000f1400000)
 ParOldGen       total 124416K, used 36942K [0x0000000081600000, 0x0000000088f80000, 0x00000000d5d00000)
  object space 124416K, 29% used [0x0000000081600000,0x0000000083a13b88,0x0000000088f80000)
 Metaspace       used 60333K, capacity 62614K, committed 62936K, reserved 1103872K
  class space    used 7856K, capacity 8323K, committed 8408K, reserved 1048576K
GC Heap History (10 events):
Event: 18.566 GC heap before
{Heap before GC invocations=12 (full 2):
 PSYoungGen      total 192000K, used 179200K [0x00000000d5d00000, 0x00000000e6780000, 0x0000000100000000)
  eden space 179200K, 100% used [0x00000000d5d00000,0x00000000e0c00000,0x00000000e0c00000)
  from space 12800K, 0% used [0x00000000e0c00000,0x00000000e0c00000,0x00000000e1880000)
  to   space 13312K, 0% used [0x00000000e5a80000,0x00000000e5a80000,0x00000000e6780000)
 ParOldGen       total 89600K, used 19761K [0x0000000081600000, 0x0000000086d80000, 0x00000000d5d00000)
  object space 89600K, 22% used [0x0000000081600000,0x000000008294c4c8,0x0000000086d80000)
 Metaspace       used 39877K, capacity 41300K, committed 41472K, reserved 1085440K
  class space    used 5100K, capacity 5370K, committed 5376K, reserved 1048576K
Event: 18.595 GC heap after
Heap after GC invocations=12 (full 2):
 PSYoungGen      total 239616K, used 8626K [0x00000000d5d00000, 0x00000000e6300000, 0x0000000100000000)
  eden space 230912K, 0% used [0x00000000d5d00000,0x00000000d5d00000,0x00000000e3e80000)
  from space 8704K, 99% used [0x00000000e5a80000,0x00000000e62ecae8,0x00000000e6300000)
  to   space 13312K, 0% used [0x00000000e4900000,0x00000000e4900000,0x00000000e5600000)
 ParOldGen       total 89600K, used 19769K [0x0000000081600000, 0x0000000086d80000, 0x00000000d5d00000)
  object space 89600K, 22% used [0x0000000081600000,0x000000008294e4c8,0x0000000086d80000)
 Metaspace       used 39877K, capacity 41300K, committed 41472K, reserved 1085440K
  class space    used 5100K, capacity 5370K, committed 5376K, reserved 1048576K
}
Event: 24.565 GC heap before
{Heap before GC invocations=13 (full 2):
 PSYoungGen      total 239616K, used 239538K [0x00000000d5d00000, 0x00000000e6300000, 0x0000000100000000)
  eden space 230912K, 100% used [0x00000000d5d00000,0x00000000e3e80000,0x00000000e3e80000)
  from space 8704K, 99% used [0x00000000e5a80000,0x00000000e62ecae8,0x00000000e6300000)
  to   space 13312K, 0% used [0x00000000e4900000,0x00000000e4900000,0x00000000e5600000)
 ParOldGen       total 89600K, used 19769K [0x0000000081600000, 0x0000000086d80000, 0x00000000d5d00000)
  object space 89600K, 22% used [0x0000000081600000,0x000000008294e4c8,0x0000000086d80000)
 Metaspace       used 43953K, capacity 45752K, committed 46080K, reserved 1089536K
  class space    used 5671K, capacity 6024K, committed 6144K, reserved 1048576K
Event: 24.601 GC heap after
Heap after GC invocations=13 (full 2):
 PSYoungGen      total 254976K, used 12099K [0x00000000d5d00000, 0x00000000e9680000, 0x0000000100000000)
  eden space 241664K, 0% used [0x00000000d5d00000,0x00000000d5d00000,0x00000000e4900000)
  from space 13312K, 90% used [0x00000000e4900000,0x00000000e54d0f48,0x00000000e5600000)
  to   space 14336K, 0% used [0x00000000e8880000,0x00000000e8880000,0x00000000e9680000)
 ParOldGen       total 89600K, used 19777K [0x0000000081600000, 0x0000000086d80000, 0x00000000d5d00000)
  object space 89600K, 22% used [0x0000000081600000,0x00000000829504c8,0x0000000086d80000)
 Metaspace       used 43953K, capacity 45752K, committed 46080K, reserved 1089536K
  class space    used 5671K, capacity 6024K, committed 6144K, reserved 1048576K
}
Event: 29.556 GC heap before
{Heap before GC invocations=14 (full 2):
 PSYoungGen      total 254976K, used 253763K [0x00000000d5d00000, 0x00000000e9680000, 0x0000000100000000)
  eden space 241664K, 100% used [0x00000000d5d00000,0x00000000e4900000,0x00000000e4900000)
  from space 13312K, 90% used [0x00000000e4900000,0x00000000e54d0f48,0x00000000e5600000)
  to   space 14336K, 0% used [0x00000000e8880000,0x00000000e8880000,0x00000000e9680000)
 ParOldGen       total 89600K, used 19777K [0x0000000081600000, 0x0000000086d80000, 0x00000000d5d00000)
  object space 89600K, 22% used [0x0000000081600000,0x00000000829504c8,0x0000000086d80000)
 Metaspace       used 56572K, capacity 58576K, committed 58752K, reserved 1099776K
  class space    used 7384K, capacity 7776K, committed 7808K, reserved 1048576K
Event: 29.604 GC heap after
Heap after GC invocations=14 (full 2):
 PSYoungGen      total 301056K, used 14311K [0x00000000d5d00000, 0x00000000eae00000, 0x0000000100000000)
  eden space 286720K, 0% used [0x00000000d5d00000,0x00000000d5d00000,0x00000000e7500000)
  from space 14336K, 99% used [0x00000000e8880000,0x00000000e9679f98,0x00000000e9680000)
  to   space 19968K, 0% used [0x00000000e7500000,0x00000000e7500000,0x00000000e8880000)
 ParOldGen       total 89600K, used 29971K [0x0000000081600000, 0x0000000086d80000, 0x00000000d5d00000)
  object space 89600K, 33% used [0x0000000081600000,0x0000000083344c88,0x0000000086d80000)
 Metaspace       used 56572K, capacity 58576K, committed 58752K, reserved 1099776K
  class space    used 7384K, capacity 7776K, committed 7808K, reserved 1048576K
}
Event: 29.897 GC heap before
{Heap before GC invocations=15 (full 2):
 PSYoungGen      total 301056K, used 42560K [0x00000000d5d00000, 0x00000000eae00000, 0x0000000100000000)
  eden space 286720K, 9% used [0x00000000d5d00000,0x00000000d7896158,0x00000000e7500000)
  from space 14336K, 99% used [0x00000000e8880000,0x00000000e9679f98,0x00000000e9680000)
  to   space 19968K, 0% used [0x00000000e7500000,0x00000000e7500000,0x00000000e8880000)
 ParOldGen       total 89600K, used 29971K [0x0000000081600000, 0x0000000086d80000, 0x00000000d5d00000)
  object space 89600K, 33% used [0x0000000081600000,0x0000000083344c88,0x0000000086d80000)
 Metaspace       used 56964K, capacity 58946K, committed 59096K, reserved 1099776K
  class space    used 7433K, capacity 7811K, committed 7896K, reserved 1048576K
Event: 29.933 GC heap after
Heap after GC invocations=15 (full 2):
 PSYoungGen      total 306688K, used 6023K [0x00000000d5d00000, 0x00000000f1400000, 0x0000000100000000)
  eden space 286720K, 0% used [0x00000000d5d00000,0x00000000d5d00000,0x00000000e7500000)
  from space 19968K, 30% used [0x00000000e7500000,0x00000000e7ae1fe8,0x00000000e8880000)
  to   space 19456K, 0% used [0x00000000f0100000,0x00000000f0100000,0x00000000f1400000)
 ParOldGen       total 89600K, used 36029K [0x0000000081600000, 0x0000000086d80000, 0x00000000d5d00000)
  object space 89600K, 40% used [0x0000000081600000,0x000000008392f660,0x0000000086d80000)
 Metaspace       used 56964K, capacity 58946K, committed 59096K, reserved 1099776K
  class space    used 7433K, capacity 7811K, committed 7896K, reserved 1048576K
}
Event: 29.933 GC heap before
{Heap before GC invocations=16 (full 3):
 PSYoungGen      total 306688K, used 6023K [0x00000000d5d00000, 0x00000000f1400000, 0x0000000100000000)
  eden space 286720K, 0% used [0x00000000d5d00000,0x00000000d5d00000,0x00000000e7500000)
  from space 19968K, 30% used [0x00000000e7500000,0x00000000e7ae1fe8,0x00000000e8880000)
  to   space 19456K, 0% used [0x00000000f0100000,0x00000000f0100000,0x00000000f1400000)
 ParOldGen       total 89600K, used 36029K [0x0000000081600000, 0x0000000086d80000, 0x00000000d5d00000)
  object space 89600K, 40% used [0x0000000081600000,0x000000008392f660,0x0000000086d80000)
 Metaspace       used 56964K, capacity 58946K, committed 59096K, reserved 1099776K
  class space    used 7433K, capacity 7811K, committed 7896K, reserved 1048576K
Event: 30.341 GC heap after
Heap after GC invocations=16 (full 3):
 PSYoungGen      total 306688K, used 0K [0x00000000d5d00000, 0x00000000f1400000, 0x0000000100000000)
  eden space 286720K, 0% used [0x00000000d5d00000,0x00000000d5d00000,0x00000000e7500000)
  from space 19968K, 0% used [0x00000000e7500000,0x00000000e7500000,0x00000000e8880000)
  to   space 19456K, 0% used [0x00000000f0100000,0x00000000f0100000,0x00000000f1400000)
 ParOldGen       total 124416K, used 36942K [0x0000000081600000, 0x0000000088f80000, 0x00000000d5d00000)
  object space 124416K, 29% used [0x0000000081600000,0x0000000083a13b88,0x0000000088f80000)
 Metaspace       used 56964K, capacity 58946K, committed 59096K, reserved 1099776K
  class space    used 7433K, capacity 7811K, committed 7896K, reserved 1048576K
}

